[      72ms] [INFO] %cDownload the React DevTools for a better development experience: https://react.dev/link/react-devtools font-weight:bold @ http://localhost:3001/_next/static/chunks/07i__next_dist_0g60iw5._.js:2431
[     116ms] [LOG] [HMR] connected @ http://localhost:3001/_next/static/chunks/07i__next_dist_0g60iw5._.js:2431
[     162ms] [LOG] %c[Vercel Web Analytics]%c Debug mode is enabled by default in development. No requests will be sent to the server. color: rgb(120, 120, 120) color: inherit @ http://localhost:3001/_next/static/chunks/07i__next_dist_0g60iw5._.js:2431
[     162ms] [LOG] %c[Vercel Web Analytics]%c Running queued event color: rgb(120, 120, 120) color: inherit event {name: section_viewed, data: Object, options: undefined} @ http://localhost:3001/_next/static/chunks/07i__next_dist_0g60iw5._.js:2431
[     163ms] [LOG] %c[Vercel Web Analytics]%c [event] section_viewed color: rgb(120, 120, 120) color: inherit {o: http://localhost:3001/, sv: 0.1.3, sdkn: @vercel/analytics/react, sdkv: 2.0.1, ts: 1775864770932} /_vercel/insights/event @ http://localhost:3001/_next/static/chunks/07i__next_dist_0g60iw5._.js:2431
[     163ms] [LOG] %c[Vercel Web Analytics]%c [view] http://localhost:3001/ color: rgb(120, 120, 120) color: inherit {o: http://localhost:3001/, sv: 0.1.3, sdkn: @vercel/analytics/react, sdkv: 2.0.1, ts: 1775864770932} /_vercel/insights/view @ http://localhost:3001/_next/static/chunks/07i__next_dist_0g60iw5._.js:2431
[     163ms] [LOG] %c[Vercel Speed Insights]%c Debug mode is enabled by default in development. No requests will be sent to the server. color: rgb(120, 120, 120) color: inherit @ http://localhost:3001/_next/static/chunks/07i__next_dist_0g60iw5._.js:2431
[    1865ms] [LOG] %c[Vercel Web Analytics]%c [event] section_viewed color: rgb(120, 120, 120) color: inherit {o: http://localhost:3001/, sv: 0.1.3, sdkn: @vercel/analytics/react, sdkv: 2.0.1, ts: 1775864772634} /_vercel/insights/event @ http://localhost:3001/_next/static/chunks/07i__next_dist_0g60iw5._.js:2431
[    4154ms] [LOG] %c[Vercel Web Analytics]%c [event] section_viewed color: rgb(120, 120, 120) color: inherit {o: http://localhost:3001/, sv: 0.1.3, sdkn: @vercel/analytics/react, sdkv: 2.0.1, ts: 1775864774923} /_vercel/insights/event @ http://localhost:3001/_next/static/chunks/07i__next_dist_0g60iw5._.js:2431
[   11858ms] [LOG] %c[Vercel Web Analytics]%c [event] section_viewed color: rgb(120, 120, 120) color: inherit {o: http://localhost:3001/, sv: 0.1.3, sdkn: @vercel/analytics/react, sdkv: 2.0.1, ts: 1775864782627} /_vercel/insights/event @ http://localhost:3001/_next/static/chunks/07i__next_dist_0g60iw5._.js:2431
[   14822ms] [LOG] %c[Vercel Web Analytics]%c [event] section_viewed color: rgb(120, 120, 120) color: inherit {o: http://localhost:3001/, sv: 0.1.3, sdkn: @vercel/analytics/react, sdkv: 2.0.1, ts: 1775864785592} /_vercel/insights/event @ http://localhost:3001/_next/static/chunks/07i__next_dist_0g60iw5._.js:2431
[   93279ms] [LOG] [Fast Refresh] rebuilding @ http://localhost:3001/_next/static/chunks/07i__next_dist_0g60iw5._.js:2431
[   93302ms] [LOG] [Fast Refresh] done in 45ms @ http://localhost:3001/_next/static/chunks/07i__next_dist_0g60iw5._.js:2431
[  405009ms] [LOG] %c[Vercel Speed Insights]%c [vitals] color: rgb(120, 120, 120) color: inherit {speed: 4g, metrics: Array(5), scriptVersion: 0.1.3, sdkName: @vercel/speed-insights/next, sdkVersion: 2.0.0} /_vercel/speed-insights/vitals @ http://localhost:3001/_next/static/chunks/07i__next_dist_0g60iw5._.js:2431
[  405009ms] [LOG] %c[Vercel Speed Insights]%c [vitals] color: rgb(120, 120, 120) color: inherit {speed: 4g, metrics: Array(1), scriptVersion: 0.1.3, sdkName: @vercel/speed-insights/next, sdkVersion: 2.0.0} /_vercel/speed-insights/vitals @ http://localhost:3001/_next/static/chunks/07i__next_dist_0g60iw5._.js:2431
[  405042ms] [INFO] %cDownload the React DevTools for a better development experience: https://react.dev/link/react-devtools font-weight:bold @ http://localhost:3001/_next/static/chunks/07i__next_dist_0g60iw5._.js:2431
[  405058ms] [LOG] [HMR] connected @ http://localhost:3001/_next/static/chunks/07i__next_dist_0g60iw5._.js:2431
[  405101ms] [LOG] %c[Vercel Web Analytics]%c Debug mode is enabled by default in development. No requests will be sent to the server. color: rgb(120, 120, 120) color: inherit @ http://localhost:3001/_next/static/chunks/07i__next_dist_0g60iw5._.js:2431
[  405101ms] [LOG] %c[Vercel Web Analytics]%c [view] http://localhost:3001/ color: rgb(120, 120, 120) color: inherit {o: http://localhost:3001/, sv: 0.1.3, sdkn: @vercel/analytics/react, sdkv: 2.0.1, ts: 1775865175870} /_vercel/insights/view @ http://localhost:3001/_next/static/chunks/07i__next_dist_0g60iw5._.js:2431
[  405103ms] [LOG] %c[Vercel Speed Insights]%c Debug mode is enabled by default in development. No requests will be sent to the server. color: rgb(120, 120, 120) color: inherit @ http://localhost:3001/_next/static/chunks/07i__next_dist_0g60iw5._.js:2431
[  406360ms] [LOG] %c[Vercel Web Analytics]%c [event] section_viewed color: rgb(120, 120, 120) color: inherit {o: http://localhost:3001/, sv: 0.1.3, sdkn: @vercel/analytics/react, sdkv: 2.0.1, ts: 1775865177130} /_vercel/insights/event @ http://localhost:3001/_next/static/chunks/07i__next_dist_0g60iw5._.js:2431
[  406468ms] [LOG] %c[Vercel Web Analytics]%c [event] section_viewed color: rgb(120, 120, 120) color: inherit {o: http://localhost:3001/, sv: 0.1.3, sdkn: @vercel/analytics/react, sdkv: 2.0.1, ts: 1775865177238} /_vercel/insights/event @ http://localhost:3001/_next/static/chunks/07i__next_dist_0g60iw5._.js:2431
[  406602ms] [LOG] %c[Vercel Web Analytics]%c [event] section_viewed color: rgb(120, 120, 120) color: inherit {o: http://localhost:3001/, sv: 0.1.3, sdkn: @vercel/analytics/react, sdkv: 2.0.1, ts: 1775865177371} /_vercel/insights/event @ http://localhost:3001/_next/static/chunks/07i__next_dist_0g60iw5._.js:2431
[  406743ms] [LOG] %c[Vercel Web Analytics]%c [event] section_viewed color: rgb(120, 120, 120) color: inherit {o: http://localhost:3001/, sv: 0.1.3, sdkn: @vercel/analytics/react, sdkv: 2.0.1, ts: 1775865177512} /_vercel/insights/event @ http://localhost:3001/_next/static/chunks/07i__next_dist_0g60iw5._.js:2431
[  406835ms] [LOG] %c[Vercel Web Analytics]%c [event] section_viewed color: rgb(120, 120, 120) color: inherit {o: http://localhost:3001/, sv: 0.1.3, sdkn: @vercel/analytics/react, sdkv: 2.0.1, ts: 1775865177604} /_vercel/insights/event @ http://localhost:3001/_next/static/chunks/07i__next_dist_0g60iw5._.js:2431
[  499943ms] [LOG] %c[Vercel Web Analytics]%c [event] cta_clicked color: rgb(120, 120, 120) color: inherit {o: http://localhost:3001/, sv: 0.1.3, sdkn: @vercel/analytics/react, sdkv: 2.0.1, ts: 1775865270713} /_vercel/insights/event @ http://localhost:3001/_next/static/chunks/07i__next_dist_0g60iw5._.js:2431
[  499944ms] [LOG] %c[Vercel Speed Insights]%c [vitals] color: rgb(120, 120, 120) color: inherit {speed: 4g, metrics: Array(3), scriptVersion: 0.1.3, sdkName: @vercel/speed-insights/next, sdkVersion: 2.0.0} /_vercel/speed-insights/vitals @ http://localhost:3001/_next/static/chunks/07i__next_dist_0g60iw5._.js:2431
[  560792ms] [LOG] [Fast Refresh] rebuilding @ http://localhost:3001/_next/static/chunks/07i__next_dist_0g60iw5._.js:2431
[  560815ms] [LOG] [Fast Refresh] done in 62ms @ http://localhost:3001/_next/static/chunks/07i__next_dist_0g60iw5._.js:2431
[  583611ms] [LOG] [Fast Refresh] rebuilding @ http://localhost:3001/_next/static/chunks/07i__next_dist_0g60iw5._.js:2431
[  583633ms] [LOG] [Fast Refresh] done in 45ms @ http://localhost:3001/_next/static/chunks/07i__next_dist_0g60iw5._.js:2431
[  731770ms] [LOG] [Fast Refresh] rebuilding @ http://localhost:3001/_next/static/chunks/07i__next_dist_0g60iw5._.js:2431
[  731794ms] [LOG] [Fast Refresh] done in 48ms @ http://localhost:3001/_next/static/chunks/07i__next_dist_0g60iw5._.js:2431
[  737110ms] [LOG] [Fast Refresh] rebuilding @ http://localhost:3001/_next/static/chunks/07i__next_dist_0g60iw5._.js:2431
[  737131ms] [LOG] [Fast Refresh] done in 47ms @ http://localhost:3001/_next/static/chunks/07i__next_dist_0g60iw5._.js:2431
[  742448ms] [LOG] [Fast Refresh] rebuilding @ http://localhost:3001/_next/static/chunks/07i__next_dist_0g60iw5._.js:2431
[  742469ms] [LOG] [Fast Refresh] done in 41ms @ http://localhost:3001/_next/static/chunks/07i__next_dist_0g60iw5._.js:2431
