[     128ms] [LOG] %c[Vercel Speed Insights]%c [vitals] color: rgb(120, 120, 120) color: inherit {speed: 4g, metrics: Array(3), scriptVersion: 0.1.3, sdkName: @vercel/speed-insights/next, sdkVersion: 2.0.0} /_vercel/speed-insights/vitals @ http://localhost:3001/_next/static/chunks/07i__next_dist_0g60iw5._.js:2431
[     129ms] [LOG] %c[Vercel Speed Insights]%c [vitals] color: rgb(120, 120, 120) color: inherit {speed: 4g, metrics: Array(1), scriptVersion: 0.1.3, sdkName: @vercel/speed-insights/next, sdkVersion: 2.0.0} /_vercel/speed-insights/vitals @ http://localhost:3001/_next/static/chunks/07i__next_dist_0g60iw5._.js:2431
[     194ms] [INFO] %cDownload the React DevTools for a better development experience: https://react.dev/link/react-devtools font-weight:bold @ http://localhost:3001/_next/static/chunks/07i__next_dist_0g60iw5._.js:2431
[     230ms] [LOG] [HMR] connected @ http://localhost:3001/_next/static/chunks/07i__next_dist_0g60iw5._.js:2431
[     271ms] [LOG] %c[Vercel Web Analytics]%c Debug mode is enabled by default in development. No requests will be sent to the server. color: rgb(120, 120, 120) color: inherit @ http://localhost:3001/_next/static/chunks/07i__next_dist_0g60iw5._.js:2431
[     271ms] [LOG] %c[Vercel Web Analytics]%c [view] http://localhost:3001/ color: rgb(120, 120, 120) color: inherit {o: http://localhost:3001/, sv: 0.1.3, sdkn: @vercel/analytics/react, sdkv: 2.0.1, ts: 1775864867727} /_vercel/insights/view @ http://localhost:3001/_next/static/chunks/07i__next_dist_0g60iw5._.js:2431
[     272ms] [LOG] %c[Vercel Speed Insights]%c Debug mode is enabled by default in development. No requests will be sent to the server. color: rgb(120, 120, 120) color: inherit @ http://localhost:3001/_next/static/chunks/07i__next_dist_0g60iw5._.js:2431
[     401ms] [LOG] %c[Vercel Web Analytics]%c [event] section_viewed color: rgb(120, 120, 120) color: inherit {o: http://localhost:3001/, sv: 0.1.3, sdkn: @vercel/analytics/react, sdkv: 2.0.1, ts: 1775864867857} /_vercel/insights/event @ http://localhost:3001/_next/static/chunks/07i__next_dist_0g60iw5._.js:2431
[    3832ms] [LOG] %c[Vercel Web Analytics]%c [event] section_viewed color: rgb(120, 120, 120) color: inherit {o: http://localhost:3001/, sv: 0.1.3, sdkn: @vercel/analytics/react, sdkv: 2.0.1, ts: 1775864871288} /_vercel/insights/event @ http://localhost:3001/_next/static/chunks/07i__next_dist_0g60iw5._.js:2431
[    4057ms] [LOG] %c[Vercel Web Analytics]%c [event] section_viewed color: rgb(120, 120, 120) color: inherit {o: http://localhost:3001/, sv: 0.1.3, sdkn: @vercel/analytics/react, sdkv: 2.0.1, ts: 1775864871513} /_vercel/insights/event @ http://localhost:3001/_next/static/chunks/07i__next_dist_0g60iw5._.js:2431
[  464105ms] [LOG] [Fast Refresh] rebuilding @ http://localhost:3001/_next/static/chunks/07i__next_dist_0g60iw5._.js:2431
[  464129ms] [LOG] [Fast Refresh] done in 62ms @ http://localhost:3001/_next/static/chunks/07i__next_dist_0g60iw5._.js:2431
[  486922ms] [LOG] [Fast Refresh] rebuilding @ http://localhost:3001/_next/static/chunks/07i__next_dist_0g60iw5._.js:2431
[  486945ms] [LOG] [Fast Refresh] done in 43ms @ http://localhost:3001/_next/static/chunks/07i__next_dist_0g60iw5._.js:2431
[  635082ms] [LOG] [Fast Refresh] rebuilding @ http://localhost:3001/_next/static/chunks/07i__next_dist_0g60iw5._.js:2431
[  635108ms] [LOG] [Fast Refresh] done in 46ms @ http://localhost:3001/_next/static/chunks/07i__next_dist_0g60iw5._.js:2431
[  640420ms] [LOG] [Fast Refresh] rebuilding @ http://localhost:3001/_next/static/chunks/07i__next_dist_0g60iw5._.js:2431
[  640442ms] [LOG] [Fast Refresh] done in 42ms @ http://localhost:3001/_next/static/chunks/07i__next_dist_0g60iw5._.js:2431
[  645759ms] [LOG] [Fast Refresh] rebuilding @ http://localhost:3001/_next/static/chunks/07i__next_dist_0g60iw5._.js:2431
[  645782ms] [LOG] [Fast Refresh] done in 38ms @ http://localhost:3001/_next/static/chunks/07i__next_dist_0g60iw5._.js:2431
